<?xml version="1.0" encoding="utf-8"?><testsuites name="pytest tests"><testsuite name="pytest" errors="0" failures="0" skipped="0" tests="124" time="1.243" timestamp="2025-12-11T13:44:51.346575+01:00" hostname="omarchy"><testcase classname="tests.unit.test_bundle" name="test_bundle" time="0.299" /><testcase classname="tests.unit.test_bundle" name="test_bundle_no_overrides" time="0.002" /><testcase classname="tests.unit.test_bundle" name="test_bundle_invalid_resource_generator" time="0.001" /><testcase classname="tests.unit.test_bundle" name="test_save_resources" time="0.024" /><testcase classname="tests.unit.test_init" name="test_update_gitignore" time="0.101" /><testcase classname="tests.unit.test_init" name="test_update_gitignore_does_not_exist" time="0.000" /><testcase classname="tests.unit.test_init" name="test_write_databricks_run_script" time="0.007" /><testcase classname="tests.unit.test_init" name="test_substitute_file_path[file_path: /dbfs/FileStore/develop_eggs/data/01_raw/file.csv-file_path: ${_file_path}/data/01_raw/file.csv0]" time="0.001" /><testcase classname="tests.unit.test_init" name="test_substitute_file_path[file_path: /dbfs/develop_eggs/data/01_raw/file.csv-file_path: ${_file_path}/data/01_raw/file.csv]" time="0.001" /><testcase classname="tests.unit.test_init" name="test_substitute_file_path[file_path: /dbfs/FileStore/develop_eggs/data/01_raw/file.csv-file_path: ${_file_path}/data/01_raw/file.csv1]" time="0.000" /><testcase classname="tests.unit.test_init" name="test_substitute_file_path[file_path: data/0_raw/file.csv-file_path: ${_file_path}/data/0_raw/file.csv]" time="0.000" /><testcase classname="tests.unit.test_init" name="test_substitute_file_path[file_path: data/012_raw/file.csv-file_path: ${_file_path}/data/012_raw/file.csv]" time="0.000" /><testcase classname="tests.unit.test_init" name="test_substitute_file_path[file_path: /custom/path/data/01_raw/file.csv-file_path: ${_file_path}/data/01_raw/file.csv]" time="0.000" /><testcase classname="tests.unit.test_init" name="test_substitute_file_path[data/01_raw/file.csv-data/01_raw/file.csv]" time="0.000" /><testcase classname="tests.unit.test_init" name="test_create_target_configs" time="0.004" /><testcase classname="tests.unit.test_init" name="test_prepare_template" time="0.001" /><testcase classname="tests.unit.test_utilities_common" name="test_sanitize_name[node0-a]" time="0.001" /><testcase classname="tests.unit.test_utilities_common" name="test_sanitize_name[node1-abc_a]" time="0.003" /><testcase classname="tests.unit.test_utilities_common" name="test_sanitize_name[node2-aaaaaaaaaaaaaaaaaaaaaaaaaaaaaaaaaaaaaaaaaaaaaaaaaaaaaaaaaaaaaaaaaaaaaaaaaaaaaaaaaaaaaaaaaaaaaaaaaaaa]" time="0.002" /><testcase classname="tests.unit.test_utilities_common" name="test_sanitize_name[aaaaaaaaaaaaaaaaaaaaaaaaaaaaaaaaaaaaaaaaaaaaaaaaaaaaaaaaaaaaaaaaaaaaaaaaaaaaaaaaaaaaaaaaaaaaaaaaaaaaaaaaaaaaaaaaaaaaaaaaaaaaaaaaaaaaaaaaaaaaaaaaaaaaaa-aaaaaaaaaaaaaaaaaaaaaaaaaaaaaaaaaaaaaaaaaaaaaaaaaaaaaaaaaaaaaaaaaaaaaaaaaaaaaaaaaaaaaaaaaaaaaaaaaaaa]" time="0.002" /><testcase classname="tests.unit.test_utilities_common" name="test_get_entry_point[Fake Project-fake-project]" time="0.001" /><testcase classname="tests.unit.test_utilities_common" name="test_get_entry_point[Fake Project 123-fake-project]" time="0.000" /><testcase classname="tests.unit.test_utilities_common" name="test_get_entry_point[Fake Project 123 456-fake-project]" time="0.000" /><testcase classname="tests.unit.test_utilities_common" name="test_get_entry_point[Fake Project #%-fake-project]" time="0.000" /><testcase classname="tests.unit.test_utilities_common" name="test_get_entry_point[# Fake Project #%-fake-project]" time="0.000" /><testcase classname="tests.unit.test_utilities_common" name="test_get_entry_point[my-project-package-my-project-package]" time="0.000" /><testcase classname="tests.unit.test_utilities_common" name="test_get_entry_point[my_project_package-my_project_package]" time="0.000" /><testcase classname="tests.unit.test_utilities_common" name="test_sort_dict[actual0-order0-expected0]" time="0.001" /><testcase classname="tests.unit.test_utilities_common" name="test_sort_dict[actual1-order1-expected1]" time="0.001" /><testcase classname="tests.unit.test_utilities_common" name="test_require_databricks_run_script[value0-False]" time="0.000" /><testcase classname="tests.unit.test_utilities_common" name="test_require_databricks_run_script[value1-True]" time="0.000" /><testcase classname="tests.unit.test_utilities_common" name="test_remove_nulls_from_dict[value0-expected0]" time="0.001" /><testcase classname="tests.unit.test_utilities_common" name="test_remove_nulls_from_dict[value1-expected1]" time="0.000" /><testcase classname="tests.unit.test_utilities_common" name="test_remove_nulls_from_dict[value2-expected2]" time="0.000" /><testcase classname="tests.unit.test_utilities_common" name="test_remove_nulls_from_dict[value3-expected3]" time="0.000" /><testcase classname="tests.unit.test_utilities_common" name="test_remove_nulls_from_dict[value4-expected4]" time="0.000" /><testcase classname="tests.unit.test_utilities_common" name="test_remove_nulls_from_dict[value5-expected5]" time="0.000" /><testcase classname="tests.unit.test_utilities_common" name="test_remove_nulls_from_dict[value6-expected6]" time="0.000" /><testcase classname="tests.unit.test_utilities_common" name="test_remove_nulls_from_dict[value7-expected7]" time="0.000" /><testcase classname="tests.unit.test_utilities_common" name="test_remove_nulls_from_dict[value8-expected8]" time="0.000" /><testcase classname="tests.unit.test_utilities_common" name="test_version_to_str[version0-1.2.3-False]" time="0.001" /><testcase classname="tests.unit.test_utilities_common" name="test_version_to_str[version1-1.2-True]" time="0.001" /><testcase classname="tests.unit.test_utilities_common" name="test_version_to_str[version2-1-True]" time="0.001" /><testcase classname="tests.unit.test_utilities_common" name="test_version_to_str[version3-1.2.3.4-True]" time="0.001" /><testcase classname="tests.unit.test_utilities_common" name="test_get_arg_value[args0---env-local]" time="0.001" /><testcase classname="tests.unit.test_utilities_common" name="test_get_arg_value[args1---env-dev]" time="0.001" /><testcase classname="tests.unit.test_utilities_common" name="test_get_arg_value[args2---env-prod]" time="0.001" /><testcase classname="tests.unit.test_utilities_common" name="test_get_arg_value[args3---target-local]" time="0.001" /><testcase classname="tests.unit.test_utilities_common" name="test_get_arg_value[args4---target-dev]" time="0.001" /><testcase classname="tests.unit.test_utilities_common" name="test_get_arg_value[args5---target-prod]" time="0.001" /><testcase classname="tests.unit.test_utilities_common" name="test_get_arg_value[args6---arg1-value1]" time="0.001" /><testcase classname="tests.unit.test_utilities_common" name="test_get_arg_value[args7---arg2-value2]" time="0.001" /><testcase classname="tests.unit.test_utilities_common" name="test_get_arg_value[args8---arg1-value1]" time="0.001" /><testcase classname="tests.unit.test_utilities_common" name="test_get_lookup_key[unknown-lookup_map0-None]" time="0.001" /><testcase classname="tests.unit.test_utilities_common" name="test_get_lookup_key[123-lookup_map1-None]" time="0.001" /><testcase classname="tests.unit.test_utilities_common" name="test_get_lookup_key[job_clusters-lookup_map2-job_cluster_key]" time="0.001" /><testcase classname="tests.unit.test_utilities_common" name="test_get_lookup_key[tasks-lookup_map3-task_key]" time="0.001" /><testcase classname="tests.unit.test_utilities_common" name="test_get_lookup_key[depends_on-lookup_map4-task_key]" time="0.001" /><testcase classname="tests.unit.test_utilities_common" name="test_get_lookup_key[environments-lookup_map5-environment_key]" time="0.001" /><testcase classname="tests.unit.test_utilities_common" name="test_get_lookup_key[on_start-lookup_map6-id]" time="0.001" /><testcase classname="tests.unit.test_utilities_common" name="test_get_lookup_key[on_success-lookup_map7-id]" time="0.001" /><testcase classname="tests.unit.test_utilities_common" name="test_get_lookup_key[on_failure-lookup_map8-id]" time="0.001" /><testcase classname="tests.unit.test_utilities_common" name="test_get_lookup_key[on_duration_warning_threshold_exceeded-lookup_map9-id]" time="0.001" /><testcase classname="tests.unit.test_utilities_common" name="test_get_lookup_key[on_streaming_backlog_exceeded-lookup_map10-id]" time="0.001" /><testcase classname="tests.unit.test_utilities_common" name="test_get_lookup_key[rules-lookup_map11-metric]" time="0.001" /><testcase classname="tests.unit.test_utilities_common" name="test_get_lookup_key[parameters-lookup_map12-name]" time="0.001" /><testcase classname="tests.unit.test_utilities_common" name="test_get_lookup_key[libraries-lookup_map13-whl]" time="0.001" /><testcase classname="tests.unit.test_utilities_common" name="test_get_lookup_key[subscriptions-lookup_map14-user_name]" time="0.001" /><testcase classname="tests.unit.test_utilities_common" name="test_update_list[old0-new0-task_key-default0-expected0]" time="0.001" /><testcase classname="tests.unit.test_utilities_common" name="test_update_list[old1-new1-task_key-default1-expected1]" time="0.001" /><testcase classname="tests.unit.test_utilities_common" name="test_update_list[old2-new2-task_key-default2-expected2]" time="0.001" /><testcase classname="tests.unit.test_utilities_common" name="test_update_list[old3-new3-task_key-default3-expected3]" time="0.001" /><testcase classname="tests.unit.test_utilities_common" name="test_get_value_from_dotpath[a.b.c-conf0-1]" time="0.001" /><testcase classname="tests.unit.test_utilities_common" name="test_get_value_from_dotpath[a.b.c-conf1-expected1]" time="0.001" /><testcase classname="tests.unit.test_utilities_common" name="test_get_value_from_dotpath[a.b.c.d-conf2-2]" time="0.001" /><testcase classname="tests.unit.test_utilities_common" name="test_get_value_from_dotpath[a.b.x-conf3-None]" time="0.001" /><testcase classname="tests.unit.test_utilities_common" name="test_get_value_from_dotpath[a.b.c-conf4-None]" time="0.001" /><testcase classname="tests.unit.test_utilities_common" name="test_get_value_from_dotpath[a.b.c-conf5-None]" time="0.001" /><testcase classname="tests.unit.test_utilities_common" name="test_get_value_from_dotpath[a.b.c-None-None]" time="0.001" /><testcase classname="tests.unit.test_utilities_plugin" name="test_plugin_list_commands" time="0.102" /><testcase classname="tests.unit.test_utilities_plugin" name="test_plugin_get_command" time="0.001" /><testcase classname="tests.unit.test_utilities_plugin" name="test_plugin_get_invalid_command" time="0.001" /><testcase classname="tests.unit.test_utilities_resolver_generics" name="test_registry_resolver_found" time="0.000" /><testcase classname="tests.unit.test_utilities_resolver_generics" name="test_module_resolver_found" time="0.001" /><testcase classname="tests.unit.test_utilities_resolver_generics" name="test_resolver_not_found" time="0.000" /><testcase classname="tests.unit.test_utilities_resolver_generics" name="test_registry_resolver_missing_key_message" time="0.000" /><testcase classname="tests.unit.test_utilities_resolver_generics" name="test_module_resolver_invalid_format_message" time="0.000" /><testcase classname="tests.unit.test_utilities_resolver_generics" name="test_module_resolver_module_not_found_message" time="0.001" /><testcase classname="tests.unit.test_utilities_resolver_generics" name="test_module_resolver_attribute_not_found_message" time="0.000" /><testcase classname="tests.unit.test_utilities_resolver_generics" name="test_module_resolver_returns_builtin_type" time="0.000" /><testcase classname="tests.unit.test_utilities_resolver_generics" name="test_composite_prefers_first_resolver_over_module" time="0.000" /><testcase classname="tests.unit.test_utilities_resolver_generics" name="test_composite_aggregates_errors_from_all_resolvers" time="0.000" /><testcase classname="tests.unit.test_utilities_resolver_generics" name="test_module_resolver_validate_fn_accepts" time="0.000" /><testcase classname="tests.unit.test_utilities_resolver_generics" name="test_module_resolver_validate_fn_rejects" time="0.000" /><testcase classname="tests.unit.test_utilities_resource_generators" name="test_create_job" time="0.117" /><testcase classname="tests.unit.test_utilities_resource_generators" name="test_create_job_pipeline" time="0.001" /><testcase classname="tests.unit.test_utilities_resource_generators" name="test_create_task" time="0.001" /><testcase classname="tests.unit.test_utilities_resource_generators" name="test_create_pipeline_task" time="0.000" /><testcase classname="tests.unit.test_utilities_resource_generators" name="test_create_task_with_runtime_params" time="0.001" /><testcase classname="tests.unit.test_utilities_resource_generators" name="test_generate_resources" time="0.001" /><testcase classname="tests.unit.test_utilities_resource_generators" name="test_generate_resources_another_conf" time="0.001" /><testcase classname="tests.unit.test_utilities_resource_generators" name="test_generate_resources_in_a_sorted_manner" time="0.001" /><testcase classname="tests.unit.test_utilities_resource_generators" name="test_generate_resources_for_a_single_pipeline" time="0.001" /><testcase classname="tests.unit.test_utilities_resource_overriders_jobs_overrider" name="test_job_overrider[broken_custom_task]" time="0.004" /><testcase classname="tests.unit.test_utilities_resource_overriders_jobs_overrider" name="test_job_overrider[individual_task]" time="0.016" /><testcase classname="tests.unit.test_utilities_resource_overriders_jobs_overrider" name="test_job_overrider[individual_task_with_parameters]" time="0.017" /><testcase classname="tests.unit.test_utilities_resource_overriders_jobs_overrider" name="test_job_overrider[individual_workflows]" time="0.023" /><testcase classname="tests.unit.test_utilities_resource_overriders_jobs_overrider" name="test_job_overrider[task_level_webhook_notifications]" time="0.020" /><testcase classname="tests.unit.test_utilities_resource_overriders_jobs_overrider" name="test_job_overrider[using_default_overrides]" time="0.014" /><testcase classname="tests.unit.test_utilities_resource_overriders_jobs_overrider" name="test_job_overrider[webhook_notifications]" time="0.017" /><testcase classname="tests.unit.test_utilities_resource_overriders_jobs_overrider" name="test_job_overrider[with_all_jobs_api_2.2_fields]" time="0.089" /><testcase classname="tests.unit.test_utilities_resource_overriders_jobs_overrider" name="test_job_overrider[with_custom_libraries]" time="0.006" /><testcase classname="tests.unit.test_utilities_resource_overriders_jobs_overrider" name="test_job_overrider[with_health_rules]" time="0.015" /><testcase classname="tests.unit.test_utilities_resource_overriders_jobs_overrider" name="test_job_overrider[with_job_parameters]" time="0.015" /><testcase classname="tests.unit.test_utilities_resource_overriders_jobs_overrider" name="test_override_job_internal[dct0-overrides0-expected0]" time="0.001" /><testcase classname="tests.unit.test_utilities_resource_overriders_jobs_overrider" name="test_override_job_internal[dct1-overrides1-expected1]" time="0.001" /><testcase classname="tests.unit.test_utilities_resource_overriders_jobs_overrider" name="test_override_job_internal[dct2-overrides2-expected2]" time="0.001" /><testcase classname="tests.unit.test_utilities_resource_overriders_jobs_overrider" name="test_override_job_internal[dct3-overrides3-expected3]" time="0.001" /><testcase classname="tests.unit.test_utilities_resource_overriders_jobs_overrider" name="test_override_job_internal[dct4-overrides4-expected4]" time="0.001" /><testcase classname="tests.unit.test_utilities_resource_overriders_jobs_overrider" name="test_override_job_internal[dct5-overrides5-expected5]" time="0.001" /><testcase classname="tests.unit.test_utilities_resource_overriders_jobs_overrider" name="test_override_job_fail[args0-ValueError-resource must be a dictionary]" time="0.001" /><testcase classname="tests.unit.test_utilities_resource_overriders_jobs_overrider" name="test_override_job_fail[args1-ValueError-overrides must be a dictionary]" time="0.001" /><testcase classname="tests.unit.test_version" name="test_version" time="0.001" /><testcase classname="tests.unit.test_version" name="test_version_command" time="0.001" /></testsuite></testsuites>
